{"target": 0.9777777791023254, "params": {"alpha": 1.0, "eps": 35.0, "lr": 0.115, "pretrain_steps": 2.0, "warmup_steps": 6000.0}, "datetime": {"datetime": "2023-09-07 20:00:15", "elapsed": 0.0, "delta": 0.0}}
{"target": 0.9799999992052714, "params": {"alpha": 4.868119356054707, "eps": 27.814380209610395, "lr": 0.9726870915288879, "pretrain_steps": 11.007423911441105, "warmup_steps": 7581.830596778166}, "datetime": {"datetime": "2023-09-07 20:44:11", "elapsed": 2636.77747, "delta": 2636.77747}}
{"target": 0.9444444378217062, "params": {"alpha": 1.8643579823215055, "eps": 48.837448284035844, "lr": 0.006329632179069404, "pretrain_steps": 4.541753073368215, "warmup_steps": 5478.332259235566}, "datetime": {"datetime": "2023-09-07 21:28:06", "elapsed": 5271.173434, "delta": 2634.395964}}
{"target": 0.9755555589993795, "params": {"alpha": 4.11753168717501, "eps": 10.686568655412401, "lr": 0.8630069362756624, "pretrain_steps": 14.767609480454379, "warmup_steps": 3310.7379312375897}, "datetime": {"datetime": "2023-09-07 22:11:57", "elapsed": 7902.798026, "delta": 2631.624592}}
{"target": 0.9711110989252726, "params": {"alpha": 3.389335775731437, "eps": 1.4403187857101942, "lr": 0.38663262551536504, "pretrain_steps": 1.618240811040994, "warmup_steps": 9653.223741713888}, "datetime": {"datetime": "2023-09-07 22:55:48", "elapsed": 10532.91775, "delta": 2630.119724}}
{"target": 0.9822222391764323, "params": {"alpha": 2.7445865875191906, "eps": 47.499888032296575, "lr": 0.7863273553364675, "pretrain_steps": 13.128050180143779, "warmup_steps": 3385.3233719675854}, "datetime": {"datetime": "2023-09-07 23:39:53", "elapsed": 13178.078173, "delta": 2645.160423}}
{"target": 0.9577777783075968, "params": {"alpha": 4.15002663901163, "eps": 41.71829444171529, "lr": 0.7181459315150676, "pretrain_steps": 8.810982946031064, "warmup_steps": 3616.142333682097}, "datetime": {"datetime": "2023-09-08 00:23:50", "elapsed": 15815.513246, "delta": 2637.435073}}
{"target": 0.9733333388964335, "params": {"alpha": 4.7852390427492315, "eps": 20.08899755298989, "lr": 0.012841370966867542, "pretrain_steps": 2.1710618891912965, "warmup_steps": 7436.616104181717}, "datetime": {"datetime": "2023-09-08 01:07:42", "elapsed": 18447.635878, "delta": 2632.122632}}
{"target": 0.9666666785875956, "params": {"alpha": 1.4921493894988744, "eps": 10.693936937655067, "lr": 0.41679451918738275, "pretrain_steps": 9.514140964165898, "warmup_steps": 7738.206467094821}, "datetime": {"datetime": "2023-09-08 01:51:38", "elapsed": 21083.747888, "delta": 2636.11201}}
{"target": 0.9733333388964335, "params": {"alpha": 2.95660596764974, "eps": 27.33499717429478, "lr": 0.7686612125946837, "pretrain_steps": 10.254344706238959, "warmup_steps": 6146.095580840096}, "datetime": {"datetime": "2023-09-08 02:35:31", "elapsed": 23716.420703, "delta": 2632.672815}}
{"target": 0.9755555589993795, "params": {"alpha": 4.147678476234436, "eps": 36.96561685274816, "lr": 0.7257204472006384, "pretrain_steps": 1.4078062915126766, "warmup_steps": 6001.519312560713}, "datetime": {"datetime": "2023-09-08 03:19:19", "elapsed": 26344.572057, "delta": 2628.151354}}
{"target": 0.9755555589993795, "params": {"alpha": 1.8599050313544603, "eps": 28.861359672177663, "lr": 0.2423568785821354, "pretrain_steps": 9.249874482114485, "warmup_steps": 3358.5821897199085}, "datetime": {"datetime": "2023-09-08 04:03:16", "elapsed": 28981.267788, "delta": 2636.695731}}
{"target": 0.9599999984105428, "params": {"alpha": 2.4506138316655157, "eps": 31.697882496262938, "lr": 0.8920171019686391, "pretrain_steps": 14.817656413277389, "warmup_steps": 3416.942607014766}, "datetime": {"datetime": "2023-09-08 04:47:20", "elapsed": 31625.12918, "delta": 2643.861392}}
{"target": 0.9733333388964335, "params": {"alpha": 3.5987570404766007, "eps": 49.24744581375605, "lr": 0.76170893892815, "pretrain_steps": 1.9325235090080128, "warmup_steps": 3361.725666002101}, "datetime": {"datetime": "2023-09-08 05:31:08", "elapsed": 34253.016245, "delta": 2627.887065}}
{"target": 0.9777777791023254, "params": {"alpha": 2.2699638882027764, "eps": 15.924708349278347, "lr": 0.3281732213480045, "pretrain_steps": 11.731961371699159, "warmup_steps": 5985.928592044373}, "datetime": {"datetime": "2023-09-08 06:14:55", "elapsed": 36880.856565, "delta": 2627.84032}}
{"target": 0.9711111187934875, "params": {"alpha": 4.744919404789487, "eps": 19.009285940335225, "lr": 0.11760582125120611, "pretrain_steps": 2.4343940700834623, "warmup_steps": 7555.763961444197}, "datetime": {"datetime": "2023-09-08 06:58:48", "elapsed": 39513.624167, "delta": 2632.767602}}
{"target": 0.9844444592793783, "params": {"alpha": 4.577510902501416, "eps": 28.545442729226526, "lr": 0.2333547912247485, "pretrain_steps": 7.084081665477265, "warmup_steps": 7608.3829102211}, "datetime": {"datetime": "2023-09-08 07:42:44", "elapsed": 42149.229699, "delta": 2635.605532}}
{"target": 0.9666666785875956, "params": {"alpha": 1.2302787890192577, "eps": 2.148888621864617, "lr": 0.5213313359356424, "pretrain_steps": 3.956580532552125, "warmup_steps": 7601.962581676417}, "datetime": {"datetime": "2023-09-08 08:26:28", "elapsed": 44773.5739, "delta": 2624.344201}}
{"target": 0.9711110989252726, "params": {"alpha": 2.161646550540851, "eps": 45.61416912804463, "lr": 0.2875048395349185, "pretrain_steps": 14.76078089236401, "warmup_steps": 7608.269548248097}, "datetime": {"datetime": "2023-09-08 09:10:35", "elapsed": 47420.527282, "delta": 2646.953382}}
{"target": 0.9800000190734863, "params": {"alpha": 1.5903896298975844, "eps": 25.492620835290086, "lr": 0.9509384550620456, "pretrain_steps": 5.032255490453362, "warmup_steps": 7627.889080544317}, "datetime": {"datetime": "2023-09-08 09:54:28", "elapsed": 50053.559056, "delta": 2633.031774}}
{"target": 0.9755555589993795, "params": {"alpha": 1.192093740265395, "eps": 34.05534924314152, "lr": 0.8177546887461067, "pretrain_steps": 5.986206945572609, "warmup_steps": 5972.977983263224}, "datetime": {"datetime": "2023-09-08 10:38:18", "elapsed": 52683.339831, "delta": 2629.780775}}
{"target": 0.9733333388964335, "params": {"alpha": 5.0, "eps": 32.881479391762106, "lr": 1.0, "pretrain_steps": 1.0, "warmup_steps": 7595.284092029795}, "datetime": {"datetime": "2023-09-08 11:22:01", "elapsed": 55306.262733, "delta": 2622.922902}}
{"target": 0.9888888994852701, "params": {"alpha": 1.7520527323105468, "eps": 24.588941745323616, "lr": 0.9779904528495504, "pretrain_steps": 14.92217148610801, "warmup_steps": 7621.225985333913}, "datetime": {"datetime": "2023-09-08 12:05:54", "elapsed": 57939.635775, "delta": 2633.373042}}
{"target": 0.9733333190282186, "params": {"alpha": 1.7911672439274682, "eps": 7.39189031915533, "lr": 0.47898004648840065, "pretrain_steps": 14.663719580501425, "warmup_steps": 7631.783482598848}, "datetime": {"datetime": "2023-09-08 12:49:50", "elapsed": 60575.18378, "delta": 2635.548005}}
{"target": 0.9822222391764323, "params": {"alpha": 3.3518786798686584, "eps": 36.25972971911871, "lr": 0.3949339154917509, "pretrain_steps": 13.746440434206352, "warmup_steps": 7628.2012959070735}, "datetime": {"datetime": "2023-09-08 13:33:50", "elapsed": 63215.356425, "delta": 2640.172645}}
{"target": 0.9755555589993795, "params": {"alpha": 2.2236981489254903, "eps": 8.118863755641797, "lr": 0.5173034105496318, "pretrain_steps": 2.37493184204388, "warmup_steps": 6008.791481442409}, "datetime": {"datetime": "2023-09-08 14:17:33", "elapsed": 65837.960845, "delta": 2622.60442}}
