{"target": 0.9711111187934875, "params": {"alpha": 1.0, "eps": 35.0, "lr": 0.115, "pretrain_steps": 2.0, "warmup_steps": 6000.0}, "datetime": {"datetime": "2023-09-08 19:21:33", "elapsed": 0.0, "delta": 0.0}}
{"target": 0.9711111187934875, "params": {"alpha": 4.868119356054707, "eps": 27.814380209610395, "lr": 0.9726870915288879, "pretrain_steps": 11.007423911441105, "warmup_steps": 7581.830596778166}, "datetime": {"datetime": "2023-09-08 20:05:41", "elapsed": 2648.68744, "delta": 2648.68744}}
{"target": 0.948888897895813, "params": {"alpha": 1.8643579823215055, "eps": 48.837448284035844, "lr": 0.006329632179069404, "pretrain_steps": 4.541753073368215, "warmup_steps": 5478.332259235566}, "datetime": {"datetime": "2023-09-08 20:49:39", "elapsed": 5286.159812, "delta": 2637.472372}}
{"target": 0.9666666587193807, "params": {"alpha": 4.11753168717501, "eps": 10.686568655412401, "lr": 0.8630069362756624, "pretrain_steps": 14.767609480454379, "warmup_steps": 3310.7379312375897}, "datetime": {"datetime": "2023-09-08 21:34:00", "elapsed": 7947.064717, "delta": 2660.904905}}
{"target": 0.9666666785875956, "params": {"alpha": 3.389335775731437, "eps": 1.4403187857101942, "lr": 0.38663262551536504, "pretrain_steps": 1.618240811040994, "warmup_steps": 9653.223741713888}, "datetime": {"datetime": "2023-09-08 22:18:07", "elapsed": 10594.627468, "delta": 2647.562751}}
{"target": 0.9711111187934875, "params": {"alpha": 2.7445865875191906, "eps": 47.499888032296575, "lr": 0.7863273553364675, "pretrain_steps": 13.128050180143779, "warmup_steps": 3385.3233719675854}, "datetime": {"datetime": "2023-09-08 23:02:25", "elapsed": 13251.851362, "delta": 2657.223894}}
{"target": 0.9711111187934875, "params": {"alpha": 2.3486648957547143, "eps": 47.483217104631684, "lr": 0.85816340359881, "pretrain_steps": 13.268221981392793, "warmup_steps": 3605.9738994616637}, "datetime": {"datetime": "2023-09-08 23:46:34", "elapsed": 15901.09102, "delta": 2649.239658}}
{"target": 0.9755555589993795, "params": {"alpha": 4.652741526113054, "eps": 28.44268217873373, "lr": 0.5198397398651002, "pretrain_steps": 9.577499177213808, "warmup_steps": 6022.647833527966}, "datetime": {"datetime": "2023-09-09 00:30:44", "elapsed": 18551.074096, "delta": 2649.983076}}
{"target": 0.9755555589993795, "params": {"alpha": 1.1848313182561658, "eps": 8.579917790033633, "lr": 0.691198432572039, "pretrain_steps": 11.694298668380736, "warmup_steps": 6085.485722612821}, "datetime": {"datetime": "2023-09-09 01:14:50", "elapsed": 21197.254124, "delta": 2646.180028}}
{"target": 0.9711111187934875, "params": {"alpha": 3.7879237220924873, "eps": 44.64628952449961, "lr": 0.7803311220419357, "pretrain_steps": 12.06413134526332, "warmup_steps": 6204.272274290232}, "datetime": {"datetime": "2023-09-09 01:59:06", "elapsed": 23852.992043, "delta": 2655.737919}}
{"target": 0.9622222383817037, "params": {"alpha": 3.4417693628953643, "eps": 43.950279769800495, "lr": 0.4864172386860061, "pretrain_steps": 14.416437589755267, "warmup_steps": 6203.062003658572}, "datetime": {"datetime": "2023-09-09 02:43:21", "elapsed": 26508.076135, "delta": 2655.084092}}
{"target": 0.9755555589993795, "params": {"alpha": 2.047346636036302, "eps": 49.97349306404373, "lr": 0.4522464671821882, "pretrain_steps": 5.205186180618644, "warmup_steps": 9321.345190720729}, "datetime": {"datetime": "2023-09-09 03:27:28", "elapsed": 29155.581973, "delta": 2647.505838}}
{"target": 0.9822222193082174, "params": {"alpha": 2.7321171291562965, "eps": 21.185261039271357, "lr": 0.40937944739222026, "pretrain_steps": 1.1899129806700623, "warmup_steps": 8095.83854415136}, "datetime": {"datetime": "2023-09-09 04:11:33", "elapsed": 31800.355631, "delta": 2644.773658}}
{"target": 0.9733333388964335, "params": {"alpha": 2.07222839325168, "eps": 35.97256087637298, "lr": 0.21812154757023114, "pretrain_steps": 2.842596595464989, "warmup_steps": 5762.2391617881085}, "datetime": {"datetime": "2023-09-09 04:55:35", "elapsed": 34442.327656, "delta": 2641.972025}}
{"target": 0.9755555589993795, "params": {"alpha": 4.313691423603377, "eps": 35.01899780254683, "lr": 0.7797372490632647, "pretrain_steps": 6.050898776750495, "warmup_steps": 4182.248960347239}, "datetime": {"datetime": "2023-09-09 05:39:36", "elapsed": 37083.706615, "delta": 2641.378959}}
{"target": 0.9755555589993795, "params": {"alpha": 2.3349278933473823, "eps": 24.55611621030347, "lr": 0.20367302767428982, "pretrain_steps": 14.775389369781715, "warmup_steps": 5914.264307786386}, "datetime": {"datetime": "2023-09-09 06:23:47", "elapsed": 39734.256838, "delta": 2650.550223}}
{"target": 0.9688888788223267, "params": {"alpha": 3.752303696859766, "eps": 21.69075912819248, "lr": 0.798237864335889, "pretrain_steps": 4.887715125521514, "warmup_steps": 3645.744996153625}, "datetime": {"datetime": "2023-09-09 07:07:56", "elapsed": 42383.125282, "delta": 2648.868444}}
{"target": 0.9777777791023254, "params": {"alpha": 1.5178542527998955, "eps": 41.171333909743744, "lr": 0.964500198953396, "pretrain_steps": 7.110769554905959, "warmup_steps": 3334.6679307945265}, "datetime": {"datetime": "2023-09-09 07:51:58", "elapsed": 45025.309335, "delta": 2642.184053}}
{"target": 0.9666666785875956, "params": {"alpha": 2.277261712907927, "eps": 8.202726665447003, "lr": 0.20646663881467944, "pretrain_steps": 8.509783001711886, "warmup_steps": 8121.991691895824}, "datetime": {"datetime": "2023-09-09 08:36:08", "elapsed": 47675.526402, "delta": 2650.217067}}
{"target": 0.9755555589993795, "params": {"alpha": 4.7239934699272315, "eps": 27.97490768120244, "lr": 0.2850792308767844, "pretrain_steps": 12.81979132962607, "warmup_steps": 4429.504182183707}, "datetime": {"datetime": "2023-09-09 09:20:23", "elapsed": 50330.106571, "delta": 2654.580169}}
{"target": 0.9777777791023254, "params": {"alpha": 3.7312049973813655, "eps": 21.59545897734879, "lr": 0.14762800279632102, "pretrain_steps": 12.54597413558519, "warmup_steps": 9834.935135830976}, "datetime": {"datetime": "2023-09-09 10:04:39", "elapsed": 52986.747638, "delta": 2656.641067}}
{"target": 0.9622222383817037, "params": {"alpha": 1.4011427855534482, "eps": 19.15630508184035, "lr": 0.06528256525955585, "pretrain_steps": 4.255090734642328, "warmup_steps": 8096.021060131346}, "datetime": {"datetime": "2023-09-09 10:48:42", "elapsed": 55629.311658, "delta": 2642.56402}}
{"target": 0.9844444592793783, "params": {"alpha": 1.8201092568771933, "eps": 30.80169506086021, "lr": 0.3724383673709918, "pretrain_steps": 7.886341881366401, "warmup_steps": 5194.597841483342}, "datetime": {"datetime": "2023-09-09 11:32:56", "elapsed": 58282.863202, "delta": 2653.551544}}
{"target": 0.9755555589993795, "params": {"alpha": 3.4063302881679607, "eps": 20.79953840185468, "lr": 0.8913936825502096, "pretrain_steps": 1.332509176046978, "warmup_steps": 8096.699981630723}, "datetime": {"datetime": "2023-09-09 12:17:04", "elapsed": 60930.854132, "delta": 2647.99093}}
{"target": 0.9733333388964335, "params": {"alpha": 4.4983777174122554, "eps": 30.549650434793232, "lr": 0.7607453373503152, "pretrain_steps": 7.369030526994781, "warmup_steps": 5195.290807807282}, "datetime": {"datetime": "2023-09-09 13:01:10", "elapsed": 63577.746831, "delta": 2646.892699}}
{"target": 0.9755555589993795, "params": {"alpha": 2.3984992890436305, "eps": 9.471909244211025, "lr": 0.22589655392172367, "pretrain_steps": 10.574730227215523, "warmup_steps": 6083.72539001457}, "datetime": {"datetime": "2023-09-09 13:45:11", "elapsed": 66218.280521, "delta": 2640.53369}}
