{"target": 0.9800000190734863, "params": {"alpha": 1.0, "eps": 35.0, "lr": 0.115, "pretrain_steps": 2.0, "warmup_steps": 6000.0}, "datetime": {"datetime": "2023-09-04 07:51:39", "elapsed": 0.0, "delta": 0.0}}
{"target": 0.9777777791023254, "params": {"alpha": 4.868119356054707, "eps": 27.814380209610395, "lr": 0.9726870915288879, "pretrain_steps": 11.007423911441105, "warmup_steps": 7581.830596778166}, "datetime": {"datetime": "2023-09-04 08:34:45", "elapsed": 2586.385816, "delta": 2586.385816}}
{"target": 0.9644444386164347, "params": {"alpha": 1.8643579823215055, "eps": 48.837448284035844, "lr": 0.006329632179069404, "pretrain_steps": 4.541753073368215, "warmup_steps": 5478.332259235566}, "datetime": {"datetime": "2023-09-04 09:17:46", "elapsed": 5167.784427, "delta": 2581.398611}}
{"target": 0.9666666587193807, "params": {"alpha": 4.11753168717501, "eps": 10.686568655412401, "lr": 0.8630069362756624, "pretrain_steps": 14.767609480454379, "warmup_steps": 3310.7379312375897}, "datetime": {"datetime": "2023-09-04 10:01:15", "elapsed": 7776.745859, "delta": 2608.961432}}
{"target": 0.9800000190734863, "params": {"alpha": 3.389335775731437, "eps": 1.4403187857101942, "lr": 0.38663262551536504, "pretrain_steps": 1.618240811040994, "warmup_steps": 9653.223741713888}, "datetime": {"datetime": "2023-09-04 10:44:40", "elapsed": 10381.461233, "delta": 2604.715374}}
{"target": 0.9822222391764323, "params": {"alpha": 2.7445865875191906, "eps": 47.499888032296575, "lr": 0.7863273553364675, "pretrain_steps": 13.128050180143779, "warmup_steps": 3385.3233719675854}, "datetime": {"datetime": "2023-09-04 11:28:05", "elapsed": 12986.092402, "delta": 2604.631169}}
{"target": 0.9799999992052714, "params": {"alpha": 3.09136658911469, "eps": 43.35093482504146, "lr": 0.7389935161401057, "pretrain_steps": 12.273847683708642, "warmup_steps": 3388.4985489610067}, "datetime": {"datetime": "2023-09-04 12:11:20", "elapsed": 15580.999534, "delta": 2594.907132}}
{"target": 0.9822222391764323, "params": {"alpha": 3.3537850400540177, "eps": 49.42885039397874, "lr": 0.19377227154714768, "pretrain_steps": 7.57494512477411, "warmup_steps": 3357.6299108724434}, "datetime": {"datetime": "2023-09-04 12:54:31", "elapsed": 18172.830044, "delta": 2591.83051}}
{"target": 0.9755555589993795, "params": {"alpha": 3.1595217113824967, "eps": 39.76074964290153, "lr": 0.520337688066446, "pretrain_steps": 13.263205714242595, "warmup_steps": 9670.407307998234}, "datetime": {"datetime": "2023-09-04 13:37:46", "elapsed": 20767.854211, "delta": 2595.024167}}
{"target": 0.9755555589993795, "params": {"alpha": 2.488490059592734, "eps": 1.903732135649313, "lr": 0.44573265967469666, "pretrain_steps": 10.874950655982216, "warmup_steps": 9615.918696759978}, "datetime": {"datetime": "2023-09-04 14:20:59", "elapsed": 23360.280669, "delta": 2592.426458}}
{"target": 0.9799999992052714, "params": {"alpha": 3.1931199916542243, "eps": 25.94673136480613, "lr": 0.3428624564826292, "pretrain_steps": 6.355536650963625, "warmup_steps": 5963.743936911554}, "datetime": {"datetime": "2023-09-04 15:04:18", "elapsed": 25959.589742, "delta": 2599.309073}}
{"target": 0.9688888788223267, "params": {"alpha": 2.72948627319391, "eps": 3.875764651462349, "lr": 0.3568092672095527, "pretrain_steps": 7.830689390223264, "warmup_steps": 5993.069083235097}, "datetime": {"datetime": "2023-09-04 15:47:24", "elapsed": 28545.880554, "delta": 2586.290812}}
{"target": 0.9799999992052714, "params": {"alpha": 1.0, "eps": 34.99059466485641, "lr": 0.02755765554019725, "pretrain_steps": 15.0, "warmup_steps": 3367.582647914051}, "datetime": {"datetime": "2023-09-04 16:30:44", "elapsed": 31145.498357, "delta": 2599.617803}}
{"target": 0.9822222391764323, "params": {"alpha": 1.2623384816371805, "eps": 49.56162671226233, "lr": 0.4829285597842555, "pretrain_steps": 5.248751482075738, "warmup_steps": 5973.094067973401}, "datetime": {"datetime": "2023-09-04 17:13:57", "elapsed": 33737.945639, "delta": 2592.447282}}
{"target": 0.9866666793823242, "params": {"alpha": 2.0460346221763404, "eps": 47.01624891410431, "lr": 0.1729485286526388, "pretrain_steps": 12.026140437114647, "warmup_steps": 5941.142760853192}, "datetime": {"datetime": "2023-09-04 17:57:07", "elapsed": 36328.329701, "delta": 2590.384062}}
{"target": 0.9777777791023254, "params": {"alpha": 3.0971991093720717, "eps": 48.51224664295889, "lr": 0.8490070644842436, "pretrain_steps": 2.273619287385294, "warmup_steps": 5912.56054813901}, "datetime": {"datetime": "2023-09-04 18:40:07", "elapsed": 38908.295819, "delta": 2579.966118}}
{"target": 0.9866666793823242, "params": {"alpha": 4.917959721784245, "eps": 27.558680656526477, "lr": 0.6896029784569835, "pretrain_steps": 12.612665204523369, "warmup_steps": 5935.089251553136}, "datetime": {"datetime": "2023-09-04 19:23:13", "elapsed": 41494.797062, "delta": 2586.501243}}
{"target": 0.9822222391764323, "params": {"alpha": 4.286216698643786, "eps": 2.4011870788604277, "lr": 0.5251629789531264, "pretrain_steps": 6.097950244428631, "warmup_steps": 5922.062173266409}, "datetime": {"datetime": "2023-09-04 20:06:22", "elapsed": 44083.429628, "delta": 2588.632566}}
{"target": 0.9822222193082174, "params": {"alpha": 3.296107474578061, "eps": 47.148110440821284, "lr": 0.26667387393122666, "pretrain_steps": 10.421417241757268, "warmup_steps": 6050.110936089642}, "datetime": {"datetime": "2023-09-04 20:49:35", "elapsed": 46675.919131, "delta": 2592.489503}}
{"target": 0.9822222193082174, "params": {"alpha": 1.5584310653147981, "eps": 47.90836815761224, "lr": 0.10866421314606302, "pretrain_steps": 2.31961420308689, "warmup_steps": 6094.258931509954}, "datetime": {"datetime": "2023-09-04 21:32:38", "elapsed": 49259.868804, "delta": 2583.949673}}
{"target": 0.9688888986905416, "params": {"alpha": 4.1446019404641365, "eps": 3.0994665845013345, "lr": 0.3579032453721151, "pretrain_steps": 10.846303209021766, "warmup_steps": 6089.345167024861}, "datetime": {"datetime": "2023-09-04 22:15:43", "elapsed": 51843.925604, "delta": 2584.0568}}
{"target": 0.9822222193082174, "params": {"alpha": 2.0123283072531106, "eps": 46.92506542361233, "lr": 0.5683974530443734, "pretrain_steps": 6.383915694137205, "warmup_steps": 6153.222160513914}, "datetime": {"datetime": "2023-09-04 22:58:57", "elapsed": 54438.297762, "delta": 2594.372158}}
{"target": 0.9666666587193807, "params": {"alpha": 1.3514350031087887, "eps": 48.313333607054155, "lr": 0.4274404328794371, "pretrain_steps": 2.2128753310798093, "warmup_steps": 6197.968991273993}, "datetime": {"datetime": "2023-09-04 23:42:14", "elapsed": 57035.471965, "delta": 2597.174203}}
{"target": 0.9822222391764323, "params": {"alpha": 2.953813965160889, "eps": 46.72174290867282, "lr": 0.8813148091775382, "pretrain_steps": 12.65923246957901, "warmup_steps": 6122.482487351059}, "datetime": {"datetime": "2023-09-05 00:26:20", "elapsed": 59681.431036, "delta": 2645.959071}}
{"target": 0.9711111187934875, "params": {"alpha": 2.0404913254057524, "eps": 45.647841902059795, "lr": 0.9703516017890524, "pretrain_steps": 6.3466138702356965, "warmup_steps": 2074.921407934295}, "datetime": {"datetime": "2023-09-05 01:09:43", "elapsed": 62284.096638, "delta": 2602.665602}}
{"target": 0.9755555788675944, "params": {"alpha": 4.360285433090377, "eps": 1.9139327265830692, "lr": 0.3310636012383876, "pretrain_steps": 13.350864933388738, "warmup_steps": 5861.962203458803}, "datetime": {"datetime": "2023-09-05 01:52:52", "elapsed": 64873.734301, "delta": 2589.637663}}
