{"target": 0.9666666587193807, "params": {"alpha": 1.0, "eps": 35.0, "lr": 0.115, "pretrain_steps": 2.0, "warmup_steps": 6000.0}, "datetime": {"datetime": "2023-09-12 12:41:17", "elapsed": 0.0, "delta": 0.0}}
{"target": 0.9666666587193807, "params": {"alpha": 4.868119356054707, "eps": 27.814380209610395, "lr": 0.9726870915288879, "pretrain_steps": 11.007423911441105, "warmup_steps": 7581.830596778166}, "datetime": {"datetime": "2023-09-12 13:25:31", "elapsed": 2653.458405, "delta": 2653.458405}}
{"target": 0.9688888986905416, "params": {"alpha": 1.8643579823215055, "eps": 48.837448284035844, "lr": 0.006329632179069404, "pretrain_steps": 4.541753073368215, "warmup_steps": 5478.332259235566}, "datetime": {"datetime": "2023-09-12 14:09:12", "elapsed": 5274.303007, "delta": 2620.844602}}
{"target": 0.9755555589993795, "params": {"alpha": 4.11753168717501, "eps": 10.686568655412401, "lr": 0.8630069362756624, "pretrain_steps": 14.767609480454379, "warmup_steps": 3310.7379312375897}, "datetime": {"datetime": "2023-09-12 14:52:50", "elapsed": 7892.279523, "delta": 2617.976516}}
{"target": 0.9755555589993795, "params": {"alpha": 3.389335775731437, "eps": 1.4403187857101942, "lr": 0.38663262551536504, "pretrain_steps": 1.618240811040994, "warmup_steps": 9653.223741713888}, "datetime": {"datetime": "2023-09-12 15:36:15", "elapsed": 10497.384261, "delta": 2605.104738}}
{"target": 0.9800000190734863, "params": {"alpha": 2.7445865875191906, "eps": 47.499888032296575, "lr": 0.7863273553364675, "pretrain_steps": 13.128050180143779, "warmup_steps": 3385.3233719675854}, "datetime": {"datetime": "2023-09-12 16:19:32", "elapsed": 13094.720251, "delta": 2597.33599}}
{"target": 0.9777777989705404, "params": {"alpha": 4.289220777209495, "eps": 23.408917078798968, "lr": 0.8358507323129901, "pretrain_steps": 13.903351067995732, "warmup_steps": 3490.6008231404685}, "datetime": {"datetime": "2023-09-12 17:02:52", "elapsed": 15694.998219, "delta": 2600.277968}}
{"target": 0.9622222185134888, "params": {"alpha": 1.2571990392982548, "eps": 6.081639413645078, "lr": 0.9039463145972859, "pretrain_steps": 5.901440824657337, "warmup_steps": 9413.208630235227}, "datetime": {"datetime": "2023-09-12 17:46:02", "elapsed": 18284.807018, "delta": 2589.808799}}
{"target": 0.9644444584846497, "params": {"alpha": 2.281373438238792, "eps": 10.912248035879362, "lr": 0.7493965151925122, "pretrain_steps": 8.14124387305565, "warmup_steps": 9840.945058249714}, "datetime": {"datetime": "2023-09-12 18:29:20", "elapsed": 20882.590429, "delta": 2597.783411}}
{"target": 0.9777777791023254, "params": {"alpha": 3.4607156120573688, "eps": 49.01635194302646, "lr": 0.4929495369089806, "pretrain_steps": 4.110073834732943, "warmup_steps": 3649.619664312797}, "datetime": {"datetime": "2023-09-12 19:12:26", "elapsed": 23468.458628, "delta": 2585.868199}}
{"target": 0.9711111187934875, "params": {"alpha": 1.825119870435894, "eps": 46.93996757346277, "lr": 0.5745979238795252, "pretrain_steps": 13.043116278601683, "warmup_steps": 3380.981591536918}, "datetime": {"datetime": "2023-09-12 19:55:39", "elapsed": 26061.078987, "delta": 2592.620359}}
{"target": 0.9755555589993795, "params": {"alpha": 2.047346636036302, "eps": 49.97349306404373, "lr": 0.4522464671821882, "pretrain_steps": 5.205186180618644, "warmup_steps": 9321.345190720729}, "datetime": {"datetime": "2023-09-12 20:38:29", "elapsed": 28631.25642, "delta": 2570.177433}}
{"target": 0.9733333388964335, "params": {"alpha": 2.7321171291562965, "eps": 21.185261039271357, "lr": 0.40937944739222026, "pretrain_steps": 1.1899129806700623, "warmup_steps": 8095.83854415136}, "datetime": {"datetime": "2023-09-12 21:21:29", "elapsed": 31211.992855, "delta": 2580.736435}}
{"target": 0.9755555589993795, "params": {"alpha": 2.07222839325168, "eps": 35.97256087637298, "lr": 0.21812154757023114, "pretrain_steps": 2.842596595464989, "warmup_steps": 5762.2391617881085}, "datetime": {"datetime": "2023-09-12 22:04:27", "elapsed": 33789.072115, "delta": 2577.07926}}
{"target": 0.9599999984105428, "params": {"alpha": 4.313691423603377, "eps": 35.01899780254683, "lr": 0.7797372490632647, "pretrain_steps": 6.050898776750495, "warmup_steps": 4182.248960347239}, "datetime": {"datetime": "2023-09-12 22:47:48", "elapsed": 36390.23162, "delta": 2601.159505}}
{"target": 0.9800000190734863, "params": {"alpha": 2.3349278933473823, "eps": 24.55611621030347, "lr": 0.20367302767428982, "pretrain_steps": 14.775389369781715, "warmup_steps": 5914.264307786386}, "datetime": {"datetime": "2023-09-12 23:31:16", "elapsed": 38998.416035, "delta": 2608.184415}}
{"target": 0.9777777989705404, "params": {"alpha": 3.752303696859766, "eps": 21.69075912819248, "lr": 0.798237864335889, "pretrain_steps": 4.887715125521514, "warmup_steps": 3645.744996153625}, "datetime": {"datetime": "2023-09-13 00:14:45", "elapsed": 41607.740353, "delta": 2609.324318}}
{"target": 0.9644444386164347, "params": {"alpha": 1.5178542527998955, "eps": 41.171333909743744, "lr": 0.964500198953396, "pretrain_steps": 7.110769554905959, "warmup_steps": 3334.6679307945265}, "datetime": {"datetime": "2023-09-13 00:57:45", "elapsed": 44187.086252, "delta": 2579.345899}}
{"target": 0.9755555788675944, "params": {"alpha": 2.277261712907927, "eps": 8.202726665447003, "lr": 0.20646663881467944, "pretrain_steps": 8.509783001711886, "warmup_steps": 8121.991691895824}, "datetime": {"datetime": "2023-09-13 01:40:41", "elapsed": 46763.606705, "delta": 2576.520453}}
{"target": 0.9711111187934875, "params": {"alpha": 4.7239934699272315, "eps": 27.97490768120244, "lr": 0.2850792308767844, "pretrain_steps": 12.81979132962607, "warmup_steps": 4429.504182183707}, "datetime": {"datetime": "2023-09-13 02:23:54", "elapsed": 49356.315415, "delta": 2592.70871}}
{"target": 0.9688888788223267, "params": {"alpha": 3.7312049973813655, "eps": 21.59545897734879, "lr": 0.14762800279632102, "pretrain_steps": 12.54597413558519, "warmup_steps": 9834.935135830976}, "datetime": {"datetime": "2023-09-13 03:07:11", "elapsed": 51953.922982, "delta": 2597.607567}}
{"target": 0.9666666587193807, "params": {"alpha": 2.092889893410222, "eps": 8.721084928972337, "lr": 0.5300989807839126, "pretrain_steps": 4.270912493602957, "warmup_steps": 8581.681508110229}, "datetime": {"datetime": "2023-09-13 03:50:13", "elapsed": 54535.837485, "delta": 2581.914503}}
{"target": 0.9844444592793783, "params": {"alpha": 1.8201092568771933, "eps": 30.80169506086021, "lr": 0.3724383673709918, "pretrain_steps": 7.886341881366401, "warmup_steps": 5194.597841483342}, "datetime": {"datetime": "2023-09-13 04:33:48", "elapsed": 57150.63498, "delta": 2614.797495}}
{"target": 0.9800000190734863, "params": {"alpha": 4.315582939716142, "eps": 42.043282004703514, "lr": 0.24845538915052648, "pretrain_steps": 2.4313277006936174, "warmup_steps": 7842.942114223862}, "datetime": {"datetime": "2023-09-13 05:17:25", "elapsed": 59767.931082, "delta": 2617.296102}}
{"target": 0.9622221986452738, "params": {"alpha": 2.0404913254057524, "eps": 45.647841902059795, "lr": 0.9703516017890524, "pretrain_steps": 6.3466138702356965, "warmup_steps": 2074.921407934295}, "datetime": {"datetime": "2023-09-13 06:01:09", "elapsed": 62391.753079, "delta": 2623.821997}}
{"target": 0.9755555589993795, "params": {"alpha": 1.6182618484875642, "eps": 19.911512879994877, "lr": 0.2965416096866611, "pretrain_steps": 4.716351243791897, "warmup_steps": 4489.268491660316}, "datetime": {"datetime": "2023-09-13 06:44:35", "elapsed": 64997.852775, "delta": 2606.099696}}
