{"target": 0.9733333388964335, "params": {"alpha": 1.0, "eps": 35.0, "lr": 0.115, "pretrain_steps": 2.0, "warmup_steps": 6000.0}, "datetime": {"datetime": "2023-09-05 17:11:32", "elapsed": 0.0, "delta": 0.0}}
{"target": 0.9822222391764323, "params": {"alpha": 4.868119356054707, "eps": 27.814380209610395, "lr": 0.9726870915288879, "pretrain_steps": 11.007423911441105, "warmup_steps": 7581.830596778166}, "datetime": {"datetime": "2023-09-05 17:55:29", "elapsed": 2637.178988, "delta": 2637.178988}}
{"target": 0.953333338101705, "params": {"alpha": 1.8643579823215055, "eps": 48.837448284035844, "lr": 0.006329632179069404, "pretrain_steps": 4.541753073368215, "warmup_steps": 5478.332259235566}, "datetime": {"datetime": "2023-09-05 18:39:16", "elapsed": 5263.922093, "delta": 2626.743105}}
{"target": 0.9688888986905416, "params": {"alpha": 4.11753168717501, "eps": 10.686568655412401, "lr": 0.8630069362756624, "pretrain_steps": 14.767609480454379, "warmup_steps": 3310.7379312375897}, "datetime": {"datetime": "2023-09-05 19:23:18", "elapsed": 7906.909582, "delta": 2642.987489}}
{"target": 0.9844444592793783, "params": {"alpha": 3.389335775731437, "eps": 1.4403187857101942, "lr": 0.38663262551536504, "pretrain_steps": 1.618240811040994, "warmup_steps": 9653.223741713888}, "datetime": {"datetime": "2023-09-05 20:07:09", "elapsed": 10537.37923, "delta": 2630.469648}}
{"target": 0.9777777791023254, "params": {"alpha": 2.7445865875191906, "eps": 47.499888032296575, "lr": 0.7863273553364675, "pretrain_steps": 13.128050180143779, "warmup_steps": 3385.3233719675854}, "datetime": {"datetime": "2023-09-05 20:50:42", "elapsed": 13150.493742, "delta": 2613.114512}}
{"target": 0.9822222193082174, "params": {"alpha": 3.4687445192876565, "eps": 29.53051844824309, "lr": 0.7481474631564984, "pretrain_steps": 13.830031046974733, "warmup_steps": 7585.748977073631}, "datetime": {"datetime": "2023-09-05 21:35:04", "elapsed": 15812.775315, "delta": 2662.281573}}
{"target": 0.9822222193082174, "params": {"alpha": 2.8666832170869703, "eps": 2.7879760070373676, "lr": 0.771219956595044, "pretrain_steps": 4.65187018259442, "warmup_steps": 9865.226887629753}, "datetime": {"datetime": "2023-09-05 22:19:09", "elapsed": 18457.511331, "delta": 2644.736016}}
{"target": 0.9800000190734863, "params": {"alpha": 4.238495663931198, "eps": 48.9799434331654, "lr": 0.23078485077309135, "pretrain_steps": 6.508832614539413, "warmup_steps": 3648.787716661542}, "datetime": {"datetime": "2023-09-05 23:03:14", "elapsed": 21102.782375, "delta": 2645.271044}}
{"target": 0.9822222391764323, "params": {"alpha": 4.932684234844787, "eps": 43.387445014244236, "lr": 0.06550147021005334, "pretrain_steps": 8.41159076184671, "warmup_steps": 9383.119890222197}, "datetime": {"datetime": "2023-09-05 23:47:06", "elapsed": 23734.63043, "delta": 2631.848055}}
{"target": 0.9688888788223267, "params": {"alpha": 2.9991282043359275, "eps": 1.6919640273514163, "lr": 0.6363422440841052, "pretrain_steps": 7.0225367617651475, "warmup_steps": 7952.498994492686}, "datetime": {"datetime": "2023-09-06 00:31:05", "elapsed": 26373.684878, "delta": 2639.054448}}
{"target": 0.9733333190282186, "params": {"alpha": 2.2985977774784354, "eps": 2.3188317342741023, "lr": 0.23885087776826705, "pretrain_steps": 4.039246165400076, "warmup_steps": 9078.36109487028}, "datetime": {"datetime": "2023-09-06 01:14:42", "elapsed": 28990.011871, "delta": 2616.326993}}
{"target": 0.9755555589993795, "params": {"alpha": 2.1127478204730554, "eps": 47.97164451924369, "lr": 0.49890626749244954, "pretrain_steps": 10.955578800722833, "warmup_steps": 7285.468222736226}, "datetime": {"datetime": "2023-09-06 01:58:29", "elapsed": 31617.378005, "delta": 2627.366134}}
{"target": 0.9799999992052714, "params": {"alpha": 1.5285038436573628, "eps": 48.93555602501164, "lr": 0.10182860742924217, "pretrain_steps": 9.84303962136284, "warmup_steps": 4006.647788632671}, "datetime": {"datetime": "2023-09-06 02:42:04", "elapsed": 34232.792348, "delta": 2615.414343}}
{"target": 0.9822222391764323, "params": {"alpha": 2.2970409712530993, "eps": 20.30161261945294, "lr": 0.2818769460086405, "pretrain_steps": 6.986382705325546, "warmup_steps": 4300.917729442223}, "datetime": {"datetime": "2023-09-06 03:25:37", "elapsed": 36845.233387, "delta": 2612.441039}}
{"target": 0.9711110989252726, "params": {"alpha": 2.6017705718160813, "eps": 47.89814955927905, "lr": 0.759040558989782, "pretrain_steps": 9.888633408606402, "warmup_steps": 4556.811952514727}, "datetime": {"datetime": "2023-09-06 04:09:12", "elapsed": 39460.608157, "delta": 2615.37477}}
{"target": 0.9844444394111633, "params": {"alpha": 4.570427603661265, "eps": 45.0449399335699, "lr": 0.5738405594739594, "pretrain_steps": 8.314717014815528, "warmup_steps": 9530.334204062745}, "datetime": {"datetime": "2023-09-06 04:53:09", "elapsed": 42097.483719, "delta": 2636.875562}}
{"target": 0.9755555589993795, "params": {"alpha": 1.4617368111778646, "eps": 47.35558049685648, "lr": 0.7943332328396663, "pretrain_steps": 10.185157887442639, "warmup_steps": 2000.3609047175576}, "datetime": {"datetime": "2023-09-06 05:36:55", "elapsed": 44723.910907, "delta": 2626.427188}}
{"target": 0.9666666785875956, "params": {"alpha": 2.504133364284625, "eps": 1.149711203044289, "lr": 0.9948317676588734, "pretrain_steps": 10.871906492783156, "warmup_steps": 6646.463363735705}, "datetime": {"datetime": "2023-09-06 06:20:43", "elapsed": 47351.374293, "delta": 2627.463386}}
{"target": 0.9644444386164347, "params": {"alpha": 3.294774901699104, "eps": 49.76382132598077, "lr": 0.8947201087561907, "pretrain_steps": 4.399666641788382, "warmup_steps": 2510.351856719307}, "datetime": {"datetime": "2023-09-06 07:04:33", "elapsed": 49981.641704, "delta": 2630.267411}}
{"target": 0.9733333388964335, "params": {"alpha": 3.381347049420562, "eps": 47.75336786142911, "lr": 0.14651462272573806, "pretrain_steps": 11.135861272442614, "warmup_steps": 8557.252148392656}, "datetime": {"datetime": "2023-09-06 07:48:30", "elapsed": 52618.153251, "delta": 2636.511547}}
{"target": 0.9666666785875956, "params": {"alpha": 2.859120318404393, "eps": 48.17284512498957, "lr": 0.6566766775572758, "pretrain_steps": 7.440856540204271, "warmup_steps": 9997.379724220093}, "datetime": {"datetime": "2023-09-06 08:32:16", "elapsed": 55244.739063, "delta": 2626.585812}}
{"target": 0.9755555589993795, "params": {"alpha": 3.3631481011366846, "eps": 48.92017467553908, "lr": 0.6883043872533542, "pretrain_steps": 9.255423995252057, "warmup_steps": 9752.200354907853}, "datetime": {"datetime": "2023-09-06 09:16:05", "elapsed": 57873.155202, "delta": 2628.416139}}
{"target": 0.9822222193082174, "params": {"alpha": 3.404719346659969, "eps": 33.99063097569547, "lr": 0.9947509735085099, "pretrain_steps": 4.0551237394940145, "warmup_steps": 4171.030200130191}, "datetime": {"datetime": "2023-09-06 09:59:58", "elapsed": 60506.691917, "delta": 2633.536715}}
{"target": 0.9666666785875956, "params": {"alpha": 1.798226664551438, "eps": 1.303284141693795, "lr": 0.10708654111096097, "pretrain_steps": 6.068329761023495, "warmup_steps": 3514.9941624935764}, "datetime": {"datetime": "2023-09-06 10:43:40", "elapsed": 63128.314764, "delta": 2621.622847}}
{"target": 0.9755555589993795, "params": {"alpha": 3.0503819109435475, "eps": 4.538116950096804, "lr": 0.2021322507686769, "pretrain_steps": 12.901345435899673, "warmup_steps": 9463.069855308713}, "datetime": {"datetime": "2023-09-06 11:27:46", "elapsed": 65774.038521, "delta": 2645.723757}}
