{"target": 0.9755555589993795, "params": {"alpha": 1.0, "eps": 35.0, "lr": 0.115, "pretrain_steps": 2.0, "warmup_steps": 6000.0}, "datetime": {"datetime": "2023-09-18 23:07:09", "elapsed": 0.0, "delta": 0.0}}
{"target": 0.9666666785875956, "params": {"alpha": 4.868119356054707, "eps": 27.814380209610395, "lr": 0.9726870915288879, "pretrain_steps": 11.007423911441105, "warmup_steps": 7581.830596778166}, "datetime": {"datetime": "2023-09-18 23:40:42", "elapsed": 2012.352023, "delta": 2012.352023}}
{"target": 0.9644444187482198, "params": {"alpha": 1.8643579823215055, "eps": 48.837448284035844, "lr": 0.006329632179069404, "pretrain_steps": 4.541753073368215, "warmup_steps": 5478.332259235566}, "datetime": {"datetime": "2023-09-19 00:13:56", "elapsed": 4006.834719, "delta": 1994.482696}}
{"target": 0.9688888986905416, "params": {"alpha": 4.11753168717501, "eps": 10.686568655412401, "lr": 0.8630069362756624, "pretrain_steps": 14.767609480454379, "warmup_steps": 3310.7379312375897}, "datetime": {"datetime": "2023-09-19 00:47:18", "elapsed": 6008.986962, "delta": 2002.152243}}
{"target": 0.9711110989252726, "params": {"alpha": 3.389335775731437, "eps": 1.4403187857101942, "lr": 0.38663262551536504, "pretrain_steps": 1.618240811040994, "warmup_steps": 9653.223741713888}, "datetime": {"datetime": "2023-09-19 01:20:43", "elapsed": 8013.520417, "delta": 2004.533455}}
{"target": 0.9711110989252726, "params": {"alpha": 2.7445865875191906, "eps": 47.499888032296575, "lr": 0.7863273553364675, "pretrain_steps": 13.128050180143779, "warmup_steps": 3385.3233719675854}, "datetime": {"datetime": "2023-09-19 01:54:13", "elapsed": 10023.983532, "delta": 2010.463115}}
{"target": 0.9800000190734863, "params": {"alpha": 2.759760473994929, "eps": 45.44288081862731, "lr": 0.49173005764834893, "pretrain_steps": 11.896397851450018, "warmup_steps": 6122.812161183156}, "datetime": {"datetime": "2023-09-19 02:27:37", "elapsed": 12028.264951, "delta": 2004.281419}}
{"target": 0.9666666785875956, "params": {"alpha": 4.588051198215423, "eps": 37.43258520778299, "lr": 0.3694721215601545, "pretrain_steps": 10.013833126759828, "warmup_steps": 6134.224875696851}, "datetime": {"datetime": "2023-09-19 03:00:54", "elapsed": 14024.559714, "delta": 1996.294763}}
{"target": 0.9822222391764323, "params": {"alpha": 2.004355263707249, "eps": 45.655255216110106, "lr": 0.9593434794456536, "pretrain_steps": 8.04010087320913, "warmup_steps": 7541.340412812999}, "datetime": {"datetime": "2023-09-19 03:34:18", "elapsed": 16028.60874, "delta": 2004.049026}}
{"target": 0.9777777791023254, "params": {"alpha": 1.763055150962304, "eps": 45.751380723761216, "lr": 0.6884943862005158, "pretrain_steps": 7.318664474191303, "warmup_steps": 3762.3806180593488}, "datetime": {"datetime": "2023-09-19 04:07:33", "elapsed": 18024.104415, "delta": 1995.495675}}
{"target": 0.9688888788223267, "params": {"alpha": 3.5942545736278326, "eps": 12.395789605028371, "lr": 0.5245421855752382, "pretrain_steps": 12.733909815980715, "warmup_steps": 7250.428611241834}, "datetime": {"datetime": "2023-09-19 04:40:52", "elapsed": 20022.439944, "delta": 1998.335529}}
{"target": 0.9822222391764323, "params": {"alpha": 2.047346636036302, "eps": 49.97349306404373, "lr": 0.4522464671821882, "pretrain_steps": 5.205186180618644, "warmup_steps": 9321.345190720729}, "datetime": {"datetime": "2023-09-19 05:14:05", "elapsed": 22015.509995, "delta": 1993.070051}}
{"target": 0.9733333388964335, "params": {"alpha": 2.7321171291562965, "eps": 21.185261039271357, "lr": 0.40937944739222026, "pretrain_steps": 1.1899129806700623, "warmup_steps": 8095.83854415136}, "datetime": {"datetime": "2023-09-19 05:47:18", "elapsed": 24008.861192, "delta": 1993.351197}}
{"target": 0.9711111187934875, "params": {"alpha": 2.07222839325168, "eps": 35.97256087637298, "lr": 0.21812154757023114, "pretrain_steps": 2.842596595464989, "warmup_steps": 5762.2391617881085}, "datetime": {"datetime": "2023-09-19 06:20:37", "elapsed": 26007.666051, "delta": 1998.804859}}
{"target": 0.9644444386164347, "params": {"alpha": 4.313691423603377, "eps": 35.01899780254683, "lr": 0.7797372490632647, "pretrain_steps": 6.050898776750495, "warmup_steps": 4182.248960347239}, "datetime": {"datetime": "2023-09-19 06:53:53", "elapsed": 28003.558937, "delta": 1995.892886}}
{"target": 0.9733333388964335, "params": {"alpha": 2.3349278933473823, "eps": 24.55611621030347, "lr": 0.20367302767428982, "pretrain_steps": 14.775389369781715, "warmup_steps": 5914.264307786386}, "datetime": {"datetime": "2023-09-19 07:27:24", "elapsed": 30014.355614, "delta": 2010.796677}}
{"target": 0.9755555589993795, "params": {"alpha": 3.752303696859766, "eps": 21.69075912819248, "lr": 0.798237864335889, "pretrain_steps": 4.887715125521514, "warmup_steps": 3645.744996153625}, "datetime": {"datetime": "2023-09-19 08:00:42", "elapsed": 32012.776683, "delta": 1998.421069}}
{"target": 0.9711110989252726, "params": {"alpha": 1.5178542527998955, "eps": 41.171333909743744, "lr": 0.964500198953396, "pretrain_steps": 7.110769554905959, "warmup_steps": 3334.6679307945265}, "datetime": {"datetime": "2023-09-19 08:34:04", "elapsed": 34014.993012, "delta": 2002.216329}}
{"target": 0.9755555589993795, "params": {"alpha": 2.277261712907927, "eps": 8.202726665447003, "lr": 0.20646663881467944, "pretrain_steps": 8.509783001711886, "warmup_steps": 8121.991691895824}, "datetime": {"datetime": "2023-09-19 09:07:37", "elapsed": 36028.145497, "delta": 2013.152485}}
{"target": 0.9777777989705404, "params": {"alpha": 4.7239934699272315, "eps": 27.97490768120244, "lr": 0.2850792308767844, "pretrain_steps": 12.81979132962607, "warmup_steps": 4429.504182183707}, "datetime": {"datetime": "2023-09-19 09:40:57", "elapsed": 38028.074186, "delta": 1999.928689}}
{"target": 0.9888888994852701, "params": {"alpha": 3.7312049973813655, "eps": 21.59545897734879, "lr": 0.14762800279632102, "pretrain_steps": 12.54597413558519, "warmup_steps": 9834.935135830976}, "datetime": {"datetime": "2023-09-19 10:14:16", "elapsed": 40027.011563, "delta": 1998.937377}}
{"target": 0.9777777791023254, "params": {"alpha": 2.092889893410222, "eps": 8.721084928972337, "lr": 0.5300989807839126, "pretrain_steps": 4.270912493602957, "warmup_steps": 8581.681508110229}, "datetime": {"datetime": "2023-09-19 10:47:38", "elapsed": 42028.651493, "delta": 2001.63993}}
{"target": 0.9777777989705404, "params": {"alpha": 1.8201092568771933, "eps": 30.80169506086021, "lr": 0.3724383673709918, "pretrain_steps": 7.886341881366401, "warmup_steps": 5194.597841483342}, "datetime": {"datetime": "2023-09-19 11:21:05", "elapsed": 44035.351169, "delta": 2006.699676}}
{"target": 0.9733333388964335, "params": {"alpha": 4.315582939716142, "eps": 42.043282004703514, "lr": 0.24845538915052648, "pretrain_steps": 2.4313277006936174, "warmup_steps": 7842.942114223862}, "datetime": {"datetime": "2023-09-19 11:54:29", "elapsed": 46039.448173, "delta": 2004.097004}}
{"target": 0.7333333293596903, "params": {"alpha": 2.0404913254057524, "eps": 45.647841902059795, "lr": 0.9703516017890524, "pretrain_steps": 6.3466138702356965, "warmup_steps": 2074.921407934295}, "datetime": {"datetime": "2023-09-19 12:27:52", "elapsed": 48043.271795, "delta": 2003.823622}}
{"target": 0.9844444592793783, "params": {"alpha": 3.2204513395744194, "eps": 30.865110861639163, "lr": 0.6011165026327149, "pretrain_steps": 12.62313699946821, "warmup_steps": 9022.825272079175}, "datetime": {"datetime": "2023-09-19 13:01:15", "elapsed": 50045.933204, "delta": 2002.661409}}
