{"target": 0.9733333388964335, "params": {"alpha": 1.0, "eps": 35.0, "lr": 0.115, "pretrain_steps": 2.0, "warmup_steps": 6000.0}, "datetime": {"datetime": "2023-09-18 07:43:25", "elapsed": 0.0, "delta": 0.0}}
{"target": 0.9800000190734863, "params": {"alpha": 4.868119356054707, "eps": 27.814380209610395, "lr": 0.9726870915288879, "pretrain_steps": 11.007423911441105, "warmup_steps": 7581.830596778166}, "datetime": {"datetime": "2023-09-18 08:17:13", "elapsed": 2027.985968, "delta": 2027.985968}}
{"target": 0.9555555582046509, "params": {"alpha": 1.8643579823215055, "eps": 48.837448284035844, "lr": 0.006329632179069404, "pretrain_steps": 4.541753073368215, "warmup_steps": 5478.332259235566}, "datetime": {"datetime": "2023-09-18 08:50:46", "elapsed": 4041.231799, "delta": 2013.245831}}
{"target": 0.9822222391764323, "params": {"alpha": 4.11753168717501, "eps": 10.686568655412401, "lr": 0.8630069362756624, "pretrain_steps": 14.767609480454379, "warmup_steps": 3310.7379312375897}, "datetime": {"datetime": "2023-09-18 09:24:26", "elapsed": 6061.497964, "delta": 2020.266165}}
{"target": 0.9688888986905416, "params": {"alpha": 3.389335775731437, "eps": 1.4403187857101942, "lr": 0.38663262551536504, "pretrain_steps": 1.618240811040994, "warmup_steps": 9653.223741713888}, "datetime": {"datetime": "2023-09-18 09:57:51", "elapsed": 8065.940238, "delta": 2004.442274}}
{"target": 0.9777777791023254, "params": {"alpha": 2.7445865875191906, "eps": 47.499888032296575, "lr": 0.7863273553364675, "pretrain_steps": 13.128050180143779, "warmup_steps": 3385.3233719675854}, "datetime": {"datetime": "2023-09-18 10:31:37", "elapsed": 10092.360421, "delta": 2026.420183}}
{"target": 0.9644444386164347, "params": {"alpha": 3.7885950068141265, "eps": 5.0136614841781, "lr": 0.7886347791414242, "pretrain_steps": 13.55881916438584, "warmup_steps": 3061.723534839596}, "datetime": {"datetime": "2023-09-18 11:05:07", "elapsed": 12102.676139, "delta": 2010.315718}}
{"target": 0.9866666793823242, "params": {"alpha": 3.3492061789560177, "eps": 35.042472069743006, "lr": 0.1470600582693715, "pretrain_steps": 2.8443619215624008, "warmup_steps": 7731.336231701342}, "datetime": {"datetime": "2023-09-18 11:38:22", "elapsed": 14097.308673, "delta": 1994.632534}}
{"target": 0.6244444449742635, "params": {"alpha": 5.0, "eps": 1.0, "lr": 0.0001, "pretrain_steps": 15.0, "warmup_steps": 7879.056720341991}, "datetime": {"datetime": "2023-09-18 12:11:50", "elapsed": 16105.368984, "delta": 2008.060311}}
{"target": 0.9844444394111633, "params": {"alpha": 3.738644102112457, "eps": 4.2424211390866615, "lr": 0.6708693467123416, "pretrain_steps": 2.092930986237147, "warmup_steps": 7658.981421504868}, "datetime": {"datetime": "2023-09-18 12:45:07", "elapsed": 18102.180313, "delta": 1996.811329}}
{"target": 0.9755555589993795, "params": {"alpha": 3.335292420260402, "eps": 3.686278068049943, "lr": 0.31666437693814015, "pretrain_steps": 11.470406108720645, "warmup_steps": 3063.278157684911}, "datetime": {"datetime": "2023-09-18 13:18:27", "elapsed": 20102.100759, "delta": 1999.920446}}
{"target": 0.9644444584846497, "params": {"alpha": 4.861246539996782, "eps": 3.3186765167971, "lr": 0.5658978405697106, "pretrain_steps": 5.996300608911575, "warmup_steps": 3124.209972707139}, "datetime": {"datetime": "2023-09-18 13:51:52", "elapsed": 22106.870256, "delta": 2004.769497}}
{"target": 0.9866666793823242, "params": {"alpha": 2.1738114331010103, "eps": 50.0, "lr": 0.1491775198915683, "pretrain_steps": 10.78605195082532, "warmup_steps": 3242.6647223904156}, "datetime": {"datetime": "2023-09-18 14:25:17", "elapsed": 24112.468786, "delta": 2005.59853}}
{"target": 0.9799999992052714, "params": {"alpha": 3.2959355177203604, "eps": 12.177655061892755, "lr": 0.15612562826277038, "pretrain_steps": 2.8628284846759673, "warmup_steps": 7502.121751525691}, "datetime": {"datetime": "2023-09-18 14:58:53", "elapsed": 26127.909491, "delta": 2015.440705}}
{"target": 0.9844444592793783, "params": {"alpha": 4.2723439213891, "eps": 42.21252713601723, "lr": 0.19298439360343392, "pretrain_steps": 8.650038507729086, "warmup_steps": 7426.154186398259}, "datetime": {"datetime": "2023-09-18 15:32:27", "elapsed": 28142.494127, "delta": 2014.584636}}
{"target": 0.9644444584846497, "params": {"alpha": 3.437237969417801, "eps": 2.24818940400689, "lr": 0.2906112613017834, "pretrain_steps": 13.267121400804163, "warmup_steps": 7364.997629482792}, "datetime": {"datetime": "2023-09-18 16:06:04", "elapsed": 30159.326586, "delta": 2016.832459}}
{"target": 0.9666666785875956, "params": {"alpha": 1.3254006301128465, "eps": 2.2526849943293645, "lr": 0.8983048325882362, "pretrain_steps": 14.294013325395388, "warmup_steps": 3447.2236940429493}, "datetime": {"datetime": "2023-09-18 16:39:37", "elapsed": 32171.843157, "delta": 2012.516571}}
{"target": 0.9777777791023254, "params": {"alpha": 1.497499351738377, "eps": 29.680735200764435, "lr": 0.6213998303611482, "pretrain_steps": 6.653730707913315, "warmup_steps": 6080.927541070261}, "datetime": {"datetime": "2023-09-18 17:13:01", "elapsed": 34176.33597, "delta": 2004.492813}}
{"target": 0.9688888986905416, "params": {"alpha": 4.858371186586893, "eps": 2.326422890620493, "lr": 0.8563078746244496, "pretrain_steps": 5.838578174338052, "warmup_steps": 3206.2633548237222}, "datetime": {"datetime": "2023-09-18 17:46:30", "elapsed": 36185.371439, "delta": 2009.035469}}
{"target": 0.9733333388964335, "params": {"alpha": 4.90377666461311, "eps": 43.18424021461738, "lr": 0.6622299919246367, "pretrain_steps": 8.655937310117794, "warmup_steps": 6158.789084122529}, "datetime": {"datetime": "2023-09-18 18:19:58", "elapsed": 38193.537558, "delta": 2008.166119}}
{"target": 0.9777777791023254, "params": {"alpha": 1.0, "eps": 50.0, "lr": 1.0, "pretrain_steps": 15.0, "warmup_steps": 7676.865903930875}, "datetime": {"datetime": "2023-09-18 18:53:31", "elapsed": 40206.176618, "delta": 2012.63906}}
{"target": 0.9711110989252726, "params": {"alpha": 4.687079461939977, "eps": 4.104944862604324, "lr": 0.3555425303050643, "pretrain_steps": 3.8440485580060955, "warmup_steps": 6256.764710289814}, "datetime": {"datetime": "2023-09-18 19:26:57", "elapsed": 42212.090419, "delta": 2005.913801}}
{"target": 0.9688888788223267, "params": {"alpha": 3.89437710172173, "eps": 6.555710954611692, "lr": 0.9846971803346286, "pretrain_steps": 2.4744118236070696, "warmup_steps": 5908.304652373699}, "datetime": {"datetime": "2023-09-18 20:00:24", "elapsed": 44219.347724, "delta": 2007.257305}}
{"target": 0.9822222391764323, "params": {"alpha": 2.7658156992314993, "eps": 41.694339799183446, "lr": 0.7673747249532058, "pretrain_steps": 2.262633892028875, "warmup_steps": 6338.595780130196}, "datetime": {"datetime": "2023-09-18 20:33:54", "elapsed": 46228.878115, "delta": 2009.530391}}
{"target": 0.9666666785875956, "params": {"alpha": 3.346823041996075, "eps": 3.075819795754081, "lr": 0.19287071341261794, "pretrain_steps": 12.513477488939102, "warmup_steps": 6394.607604124189}, "datetime": {"datetime": "2023-09-18 21:07:35", "elapsed": 48250.465106, "delta": 2021.586991}}
{"target": 0.9755555589993795, "params": {"alpha": 4.8263031952036375, "eps": 37.23413688141173, "lr": 0.6957271346911045, "pretrain_steps": 3.2303222107774685, "warmup_steps": 9576.522684334926}, "datetime": {"datetime": "2023-09-18 21:41:13", "elapsed": 50268.385829, "delta": 2017.920723}}
