{"target": 0.9822222391764323, "params": {"alpha": 1.0, "eps": 35.0, "lr": 0.115, "pretrain_steps": 2.0, "warmup_steps": 6000.0}, "datetime": {"datetime": "2023-09-09 16:03:03", "elapsed": 0.0, "delta": 0.0}}
{"target": 0.9822222391764323, "params": {"alpha": 4.868119356054707, "eps": 27.814380209610395, "lr": 0.9726870915288879, "pretrain_steps": 11.007423911441105, "warmup_steps": 7581.830596778166}, "datetime": {"datetime": "2023-09-09 16:47:26", "elapsed": 2663.16191, "delta": 2663.16191}}
{"target": 0.9688888986905416, "params": {"alpha": 1.8643579823215055, "eps": 48.837448284035844, "lr": 0.006329632179069404, "pretrain_steps": 4.541753073368215, "warmup_steps": 5478.332259235566}, "datetime": {"datetime": "2023-09-09 17:31:15", "elapsed": 5292.186331, "delta": 2629.024421}}
{"target": 0.9644444386164347, "params": {"alpha": 4.11753168717501, "eps": 10.686568655412401, "lr": 0.8630069362756624, "pretrain_steps": 14.767609480454379, "warmup_steps": 3310.7379312375897}, "datetime": {"datetime": "2023-09-09 18:15:23", "elapsed": 7940.312113, "delta": 2648.125782}}
{"target": 0.9688888788223267, "params": {"alpha": 3.389335775731437, "eps": 1.4403187857101942, "lr": 0.38663262551536504, "pretrain_steps": 1.618240811040994, "warmup_steps": 9653.223741713888}, "datetime": {"datetime": "2023-09-09 18:59:15", "elapsed": 10572.099003, "delta": 2631.78689}}
{"target": 0.9644444386164347, "params": {"alpha": 2.7445865875191906, "eps": 47.499888032296575, "lr": 0.7863273553364675, "pretrain_steps": 13.128050180143779, "warmup_steps": 3385.3233719675854}, "datetime": {"datetime": "2023-09-09 19:43:23", "elapsed": 13219.625757, "delta": 2647.526754}}
{"target": 0.9688888986905416, "params": {"alpha": 4.059900114552996, "eps": 32.59397290090054, "lr": 0.9039648543692541, "pretrain_steps": 9.62104082895504, "warmup_steps": 6576.35512981965}, "datetime": {"datetime": "2023-09-09 20:27:24", "elapsed": 15861.247887, "delta": 2641.62213}}
{"target": 0.9800000190734863, "params": {"alpha": 1.7585648800756002, "eps": 19.61978882048724, "lr": 0.4856344916888906, "pretrain_steps": 12.244655565946962, "warmup_steps": 7880.6949574020755}, "datetime": {"datetime": "2023-09-09 21:11:29", "elapsed": 18505.493129, "delta": 2644.245242}}
{"target": 0.9777777989705404, "params": {"alpha": 4.892321219543929, "eps": 2.7932208492149533, "lr": 0.31157456647357906, "pretrain_steps": 13.719069009121174, "warmup_steps": 7237.267098794408}, "datetime": {"datetime": "2023-09-09 21:55:32", "elapsed": 21149.081315, "delta": 2643.588186}}
{"target": 0.9711111187934875, "params": {"alpha": 1.847397644065571, "eps": 46.5056925226737, "lr": 0.18023156331698567, "pretrain_steps": 1.216326816062789, "warmup_steps": 8502.455690402083}, "datetime": {"datetime": "2023-09-09 22:39:31", "elapsed": 23787.983358, "delta": 2638.902043}}
{"target": 0.9622222383817037, "params": {"alpha": 2.7865927907337205, "eps": 46.87967867240302, "lr": 0.5827956778921687, "pretrain_steps": 7.519557952422086, "warmup_steps": 2000.1242232361785}, "datetime": {"datetime": "2023-09-09 23:23:40", "elapsed": 26436.730011, "delta": 2648.746653}}
{"target": 0.9666666587193807, "params": {"alpha": 2.5764378128016032, "eps": 3.859680137413946, "lr": 0.4260389532213327, "pretrain_steps": 1.9616688214716815, "warmup_steps": 4436.75404903289}, "datetime": {"datetime": "2023-09-10 00:07:46", "elapsed": 29083.044051, "delta": 2646.31404}}
{"target": 0.9711111187934875, "params": {"alpha": 4.911115459349024, "eps": 1.5523966484645024, "lr": 0.5573041944343367, "pretrain_steps": 14.36282785377413, "warmup_steps": 6159.669841373539}, "datetime": {"datetime": "2023-09-10 00:51:51", "elapsed": 31728.376728, "delta": 2645.332677}}
{"target": 0.9777777989705404, "params": {"alpha": 4.054526398696266, "eps": 47.29939607448569, "lr": 0.18518211943985785, "pretrain_steps": 3.6106037802850666, "warmup_steps": 5834.341773875458}, "datetime": {"datetime": "2023-09-10 01:35:41", "elapsed": 34357.571735, "delta": 2629.195007}}
{"target": 0.9800000190734863, "params": {"alpha": 3.8644394111521625, "eps": 46.19882960412568, "lr": 0.12196612733563082, "pretrain_steps": 4.712978604844814, "warmup_steps": 7718.080018195402}, "datetime": {"datetime": "2023-09-10 02:19:26", "elapsed": 36983.113753, "delta": 2625.542018}}
{"target": 0.9844444592793783, "params": {"alpha": 2.4061145275647564, "eps": 20.899560038785644, "lr": 0.8640930634968546, "pretrain_steps": 11.74140016313379, "warmup_steps": 7880.727802328425}, "datetime": {"datetime": "2023-09-10 03:03:27", "elapsed": 39623.744288, "delta": 2640.630535}}
{"target": 0.9733333190282186, "params": {"alpha": 3.832770371503019, "eps": 19.2226177487872, "lr": 0.5211384249478207, "pretrain_steps": 9.8832672550244, "warmup_steps": 7882.84498468078}, "datetime": {"datetime": "2023-09-10 03:47:28", "elapsed": 42264.87801, "delta": 2641.133722}}
{"target": 0.9800000190734863, "params": {"alpha": 2.5019296501828587, "eps": 27.97315774743917, "lr": 0.29913893675468284, "pretrain_steps": 9.772739376237409, "warmup_steps": 7579.460124713744}, "datetime": {"datetime": "2023-09-10 04:31:35", "elapsed": 44912.173913, "delta": 2647.295903}}
{"target": 0.957777758439382, "params": {"alpha": 1.2905874811392821, "eps": 29.99641376560589, "lr": 0.8389265293633077, "pretrain_steps": 12.03302462047925, "warmup_steps": 7585.585044819583}, "datetime": {"datetime": "2023-09-10 05:15:45", "elapsed": 47562.272229, "delta": 2650.098316}}
{"target": 0.9777777989705404, "params": {"alpha": 1.1078797222258463, "eps": 31.72091972899487, "lr": 0.7974761217478772, "pretrain_steps": 2.8050076882452766, "warmup_steps": 6000.611519206085}, "datetime": {"datetime": "2023-09-10 05:59:44", "elapsed": 50200.917566, "delta": 2638.645337}}
{"target": 0.9799999992052714, "params": {"alpha": 1.929866915314662, "eps": 23.028863014598905, "lr": 0.3158344846410163, "pretrain_steps": 13.347909723757029, "warmup_steps": 7882.673945145828}, "datetime": {"datetime": "2023-09-10 06:43:59", "elapsed": 52855.799444, "delta": 2654.881878}}
{"target": 0.9733333388964335, "params": {"alpha": 1.0787710113669537, "eps": 36.883482567968926, "lr": 0.8139723240126492, "pretrain_steps": 2.10893620413331, "warmup_steps": 5995.863181530294}, "datetime": {"datetime": "2023-09-10 07:28:04", "elapsed": 55501.022913, "delta": 2645.223469}}
{"target": 0.9755555589993795, "params": {"alpha": 2.085161868201981, "eps": 33.98776614229422, "lr": 0.18766868257944694, "pretrain_steps": 2.0898771741774578, "warmup_steps": 6003.161876071783}, "datetime": {"datetime": "2023-09-10 08:12:03", "elapsed": 58139.680222, "delta": 2638.657309}}
{"target": 0.9644444187482198, "params": {"alpha": 3.2360300745713575, "eps": 21.310133991672892, "lr": 0.23981507247792444, "pretrain_steps": 8.664377652521136, "warmup_steps": 7876.873677375575}, "datetime": {"datetime": "2023-09-10 08:55:54", "elapsed": 60770.410725, "delta": 2630.730503}}
{"target": 0.9844444592793783, "params": {"alpha": 1.590794819323956, "eps": 45.55356736521105, "lr": 0.22449777000438847, "pretrain_steps": 6.180999551854431, "warmup_steps": 7717.726797972606}, "datetime": {"datetime": "2023-09-10 09:39:39", "elapsed": 63395.572333, "delta": 2625.161608}}
{"target": 0.9733333388964335, "params": {"alpha": 3.1720140889393846, "eps": 25.927048018871893, "lr": 0.19278363787535202, "pretrain_steps": 14.542505765730423, "warmup_steps": 7578.009374472903}, "datetime": {"datetime": "2023-09-10 10:22:57", "elapsed": 65994.202299, "delta": 2598.629966}}
