{"target": 0.9711111187934875, "params": {"alpha": 1.0, "eps": 35.0, "lr": 0.115, "pretrain_steps": 2.0, "warmup_steps": 6000.0}, "datetime": {"datetime": "2023-09-03 13:03:09", "elapsed": 0.0, "delta": 0.0}}
{"target": 0.9711111187934875, "params": {"alpha": 4.868119356054707, "eps": 27.814380209610395, "lr": 0.9726870915288879, "pretrain_steps": 11.007423911441105, "warmup_steps": 7581.830596778166}, "datetime": {"datetime": "2023-09-03 13:46:21", "elapsed": 2591.494638, "delta": 2591.494638}}
{"target": 0.9600000182787577, "params": {"alpha": 1.8643579823215055, "eps": 48.837448284035844, "lr": 0.006329632179069404, "pretrain_steps": 4.541753073368215, "warmup_steps": 5478.332259235566}, "datetime": {"datetime": "2023-09-03 14:29:26", "elapsed": 5177.041702, "delta": 2585.547064}}
{"target": 0.9733333388964335, "params": {"alpha": 4.11753168717501, "eps": 10.686568655412401, "lr": 0.8630069362756624, "pretrain_steps": 14.767609480454379, "warmup_steps": 3310.7379312375897}, "datetime": {"datetime": "2023-09-03 15:12:44", "elapsed": 7775.326154, "delta": 2598.284452}}
{"target": 0.9600000182787577, "params": {"alpha": 3.389335775731437, "eps": 1.4403187857101942, "lr": 0.38663262551536504, "pretrain_steps": 1.618240811040994, "warmup_steps": 9653.223741713888}, "datetime": {"datetime": "2023-09-03 15:55:50", "elapsed": 10360.565639, "delta": 2585.239485}}
{"target": 0.9688888986905416, "params": {"alpha": 2.7445865875191906, "eps": 47.499888032296575, "lr": 0.7863273553364675, "pretrain_steps": 13.128050180143779, "warmup_steps": 3385.3233719675854}, "datetime": {"datetime": "2023-09-03 16:39:19", "elapsed": 12969.539368, "delta": 2608.973729}}
{"target": 0.9644444386164347, "params": {"alpha": 1.9711109749939664, "eps": 2.093131173069028, "lr": 0.6162757284473432, "pretrain_steps": 4.126359373975033, "warmup_steps": 3186.616629116743}, "datetime": {"datetime": "2023-09-03 17:22:46", "elapsed": 15576.499823, "delta": 2606.960455}}
{"target": 0.9800000190734863, "params": {"alpha": 4.281133538717185, "eps": 47.28389527817171, "lr": 0.4335946634000464, "pretrain_steps": 6.2171760086589964, "warmup_steps": 3283.861926245554}, "datetime": {"datetime": "2023-09-03 18:05:56", "elapsed": 18166.678959, "delta": 2590.179136}}
{"target": 0.9755555589993795, "params": {"alpha": 4.522800141854852, "eps": 48.393632482123145, "lr": 0.2695542084397581, "pretrain_steps": 6.227002441016517, "warmup_steps": 3248.5468731677915}, "datetime": {"datetime": "2023-09-03 18:49:01", "elapsed": 20751.940351, "delta": 2585.261392}}
{"target": 0.9711111187934875, "params": {"alpha": 3.954063337325448, "eps": 49.3712699069029, "lr": 0.9635235315460573, "pretrain_steps": 7.786787731812333, "warmup_steps": 7693.992239310692}, "datetime": {"datetime": "2023-09-03 19:32:12", "elapsed": 23342.899745, "delta": 2590.959394}}
{"target": 0.9688888986905416, "params": {"alpha": 4.287637935354444, "eps": 46.59488316110462, "lr": 0.48284420083310664, "pretrain_steps": 5.232736379153808, "warmup_steps": 3251.9050185776023}, "datetime": {"datetime": "2023-09-03 20:15:23", "elapsed": 25933.516412, "delta": 2590.616667}}
{"target": 0.9800000190734863, "params": {"alpha": 2.047346636036302, "eps": 49.97349306404373, "lr": 0.4522464671821882, "pretrain_steps": 5.205186180618644, "warmup_steps": 9321.345190720729}, "datetime": {"datetime": "2023-09-03 20:58:33", "elapsed": 28523.959298, "delta": 2590.442886}}
{"target": 0.9711111187934875, "params": {"alpha": 2.7321171291562965, "eps": 21.185261039271357, "lr": 0.40937944739222026, "pretrain_steps": 1.1899129806700623, "warmup_steps": 8095.83854415136}, "datetime": {"datetime": "2023-09-03 21:41:39", "elapsed": 31109.791186, "delta": 2585.831888}}
{"target": 0.9688888986905416, "params": {"alpha": 2.07222839325168, "eps": 35.97256087637298, "lr": 0.21812154757023114, "pretrain_steps": 2.842596595464989, "warmup_steps": 5762.2391617881085}, "datetime": {"datetime": "2023-09-03 22:24:45", "elapsed": 33695.846856, "delta": 2586.05567}}
{"target": 0.9666666785875956, "params": {"alpha": 4.313691423603377, "eps": 35.01899780254683, "lr": 0.7797372490632647, "pretrain_steps": 6.050898776750495, "warmup_steps": 4182.248960347239}, "datetime": {"datetime": "2023-09-03 23:08:04", "elapsed": 36294.673647, "delta": 2598.826791}}
{"target": 0.9733333388964335, "params": {"alpha": 2.3349278933473823, "eps": 24.55611621030347, "lr": 0.20367302767428982, "pretrain_steps": 14.775389369781715, "warmup_steps": 5914.264307786386}, "datetime": {"datetime": "2023-09-03 23:51:41", "elapsed": 38911.760707, "delta": 2617.08706}}
{"target": 0.9711111187934875, "params": {"alpha": 3.752303696859766, "eps": 21.69075912819248, "lr": 0.798237864335889, "pretrain_steps": 4.887715125521514, "warmup_steps": 3645.744996153625}, "datetime": {"datetime": "2023-09-04 00:35:02", "elapsed": 41512.688955, "delta": 2600.928248}}
{"target": 0.9577777981758118, "params": {"alpha": 1.5178542527998955, "eps": 41.171333909743744, "lr": 0.964500198953396, "pretrain_steps": 7.110769554905959, "warmup_steps": 3334.6679307945265}, "datetime": {"datetime": "2023-09-04 01:18:14", "elapsed": 44104.67225, "delta": 2591.983295}}
{"target": 0.953333338101705, "params": {"alpha": 2.277261712907927, "eps": 8.202726665447003, "lr": 0.20646663881467944, "pretrain_steps": 8.509783001711886, "warmup_steps": 8121.991691895824}, "datetime": {"datetime": "2023-09-04 02:01:22", "elapsed": 46693.294162, "delta": 2588.621912}}
{"target": 0.9800000190734863, "params": {"alpha": 4.9601116859090055, "eps": 45.43047716377811, "lr": 0.477144634230498, "pretrain_steps": 5.865748662439746, "warmup_steps": 3279.6520012947267}, "datetime": {"datetime": "2023-09-04 02:44:33", "elapsed": 49283.669198, "delta": 2590.375036}}
{"target": 0.9688888986905416, "params": {"alpha": 2.3942824598343897, "eps": 48.59721837690933, "lr": 0.090524445741262, "pretrain_steps": 9.940992957355583, "warmup_steps": 3280.4917806904728}, "datetime": {"datetime": "2023-09-04 03:27:49", "elapsed": 51880.277575, "delta": 2596.608377}}
{"target": 0.9733333388964335, "params": {"alpha": 3.3392052579867455, "eps": 46.835083104788666, "lr": 0.9928749421954265, "pretrain_steps": 7.201055736335009, "warmup_steps": 9320.301405647111}, "datetime": {"datetime": "2023-09-04 04:11:03", "elapsed": 54474.177128, "delta": 2593.899553}}
{"target": 0.9733333388964335, "params": {"alpha": 4.040693345440761, "eps": 43.49544549286405, "lr": 0.6993599784654678, "pretrain_steps": 2.745911231944958, "warmup_steps": 3282.469383260736}, "datetime": {"datetime": "2023-09-04 04:54:13", "elapsed": 57063.712021, "delta": 2589.534893}}
{"target": 0.9666666785875956, "params": {"alpha": 4.305978797929778, "eps": 47.71893216586914, "lr": 0.4075070267817419, "pretrain_steps": 1.8881249277740362, "warmup_steps": 3288.561473148953}, "datetime": {"datetime": "2023-09-04 05:37:25", "elapsed": 59655.574478, "delta": 2591.862457}}
{"target": 0.9844444592793783, "params": {"alpha": 3.7697831394922443, "eps": 49.52198425501573, "lr": 0.03760879623390865, "pretrain_steps": 5.180765215309612, "warmup_steps": 3282.8544935505624}, "datetime": {"datetime": "2023-09-04 06:20:47", "elapsed": 62258.126692, "delta": 2602.552214}}
{"target": 0.9622222185134888, "params": {"alpha": 3.576965030463771, "eps": 42.21227238673923, "lr": 0.581702861709328, "pretrain_steps": 8.454098735396578, "warmup_steps": 3277.807811612229}, "datetime": {"datetime": "2023-09-04 07:04:06", "elapsed": 64856.87376, "delta": 2598.747068}}
