{"target": 0.9822222391764323, "params": {"alpha": 1.0, "eps": 35.0, "lr": 0.115, "pretrain_steps": 2.0, "warmup_steps": 6000.0}, "datetime": {"datetime": "2023-09-11 12:42:30", "elapsed": 0.0, "delta": 0.0}}
{"target": 0.9644444386164347, "params": {"alpha": 4.868119356054707, "eps": 27.814380209610395, "lr": 0.9726870915288879, "pretrain_steps": 11.007423911441105, "warmup_steps": 7581.830596778166}, "datetime": {"datetime": "2023-09-11 13:26:04", "elapsed": 2614.529428, "delta": 2614.529428}}
{"target": 0.9711110989252726, "params": {"alpha": 1.8643579823215055, "eps": 48.837448284035844, "lr": 0.006329632179069404, "pretrain_steps": 4.541753073368215, "warmup_steps": 5478.332259235566}, "datetime": {"datetime": "2023-09-11 14:09:41", "elapsed": 5231.14442, "delta": 2616.614992}}
{"target": 0.9666666587193807, "params": {"alpha": 4.11753168717501, "eps": 10.686568655412401, "lr": 0.8630069362756624, "pretrain_steps": 14.767609480454379, "warmup_steps": 3310.7379312375897}, "datetime": {"datetime": "2023-09-11 14:53:30", "elapsed": 7860.387586, "delta": 2629.243166}}
{"target": 0.9733333388964335, "params": {"alpha": 3.389335775731437, "eps": 1.4403187857101942, "lr": 0.38663262551536504, "pretrain_steps": 1.618240811040994, "warmup_steps": 9653.223741713888}, "datetime": {"datetime": "2023-09-11 15:37:12", "elapsed": 10482.653074, "delta": 2622.265488}}
{"target": 0.9822222391764323, "params": {"alpha": 2.7445865875191906, "eps": 47.499888032296575, "lr": 0.7863273553364675, "pretrain_steps": 13.128050180143779, "warmup_steps": 3385.3233719675854}, "datetime": {"datetime": "2023-09-11 16:20:53", "elapsed": 13103.03961, "delta": 2620.386536}}
{"target": 0.9799999992052714, "params": {"alpha": 3.09136658911469, "eps": 43.35093482504146, "lr": 0.7389935161401057, "pretrain_steps": 12.273847683708642, "warmup_steps": 3388.4985489610067}, "datetime": {"datetime": "2023-09-11 17:04:14", "elapsed": 15704.655417, "delta": 2601.615807}}
{"target": 0.9777777989705404, "params": {"alpha": 3.3537850400540177, "eps": 49.42885039397874, "lr": 0.19377227154714768, "pretrain_steps": 7.57494512477411, "warmup_steps": 3357.6299108724434}, "datetime": {"datetime": "2023-09-11 17:47:09", "elapsed": 18279.429014, "delta": 2574.773597}}
{"target": 0.9733333388964335, "params": {"alpha": 2.5620803565918067, "eps": 11.549913829645998, "lr": 0.9423657309345946, "pretrain_steps": 11.762398651358016, "warmup_steps": 5997.085013293521}, "datetime": {"datetime": "2023-09-11 18:30:29", "elapsed": 20878.970788, "delta": 2599.541774}}
{"target": 0.9733333190282186, "params": {"alpha": 3.131734711805625, "eps": 49.83672443898148, "lr": 0.01840182570134858, "pretrain_steps": 3.99487903501326, "warmup_steps": 6013.067547694176}, "datetime": {"datetime": "2023-09-11 19:13:48", "elapsed": 23477.799321, "delta": 2598.828533}}
{"target": 0.9800000190734863, "params": {"alpha": 1.0878666139923219, "eps": 40.00208737417812, "lr": 0.7476897977063942, "pretrain_steps": 7.000429557011488, "warmup_steps": 5987.615038426233}, "datetime": {"datetime": "2023-09-11 19:57:24", "elapsed": 26094.508085, "delta": 2616.708764}}
{"target": 0.9844444592793783, "params": {"alpha": 4.110278764563866, "eps": 31.89422115090226, "lr": 0.3405970151649275, "pretrain_steps": 13.942934348084616, "warmup_steps": 3367.4094547894156}, "datetime": {"datetime": "2023-09-11 20:41:07", "elapsed": 28717.340456, "delta": 2622.832371}}
{"target": 0.9599999984105428, "params": {"alpha": 3.9494650947237075, "eps": 14.067391127921368, "lr": 1.0, "pretrain_steps": 15.0, "warmup_steps": 3371.5742929036915}, "datetime": {"datetime": "2023-09-11 21:25:01", "elapsed": 31351.652647, "delta": 2634.312191}}
{"target": 0.9755555589993795, "params": {"alpha": 1.506895757427257, "eps": 41.02758525243798, "lr": 0.6984078579291849, "pretrain_steps": 12.900373001631797, "warmup_steps": 3374.7693802643416}, "datetime": {"datetime": "2023-09-11 22:08:45", "elapsed": 33975.181663, "delta": 2623.529016}}
{"target": 0.9622222185134888, "params": {"alpha": 3.461472000515769, "eps": 35.7293982552397, "lr": 0.7660998212216857, "pretrain_steps": 11.521030736291284, "warmup_steps": 3359.1087295164552}, "datetime": {"datetime": "2023-09-11 22:52:26", "elapsed": 36595.748686, "delta": 2620.567023}}
{"target": 0.9688888788223267, "params": {"alpha": 3.0204148049831017, "eps": 48.01975498065715, "lr": 0.3539265388355532, "pretrain_steps": 9.367827771955659, "warmup_steps": 3388.058536944489}, "datetime": {"datetime": "2023-09-11 23:35:44", "elapsed": 39194.691267, "delta": 2598.942581}}
{"target": 0.95333331823349, "params": {"alpha": 3.752303696859766, "eps": 21.69075912819248, "lr": 0.798237864335889, "pretrain_steps": 4.887715125521514, "warmup_steps": 3645.744996153625}, "datetime": {"datetime": "2023-09-12 00:19:04", "elapsed": 41793.752467, "delta": 2599.0612}}
{"target": 0.9711111187934875, "params": {"alpha": 1.5178542527998955, "eps": 41.171333909743744, "lr": 0.964500198953396, "pretrain_steps": 7.110769554905959, "warmup_steps": 3334.6679307945265}, "datetime": {"datetime": "2023-09-12 01:02:37", "elapsed": 44407.34786, "delta": 2613.595393}}
{"target": 0.9844444394111633, "params": {"alpha": 2.277261712907927, "eps": 8.202726665447003, "lr": 0.20646663881467944, "pretrain_steps": 8.509783001711886, "warmup_steps": 8121.991691895824}, "datetime": {"datetime": "2023-09-12 01:46:02", "elapsed": 47012.14395, "delta": 2604.79609}}
{"target": 0.9822222391764323, "params": {"alpha": 4.7239934699272315, "eps": 27.97490768120244, "lr": 0.2850792308767844, "pretrain_steps": 12.81979132962607, "warmup_steps": 4429.504182183707}, "datetime": {"datetime": "2023-09-12 02:29:50", "elapsed": 49640.660094, "delta": 2628.516144}}
{"target": 0.9822222193082174, "params": {"alpha": 3.7312049973813655, "eps": 21.59545897734879, "lr": 0.14762800279632102, "pretrain_steps": 12.54597413558519, "warmup_steps": 9834.935135830976}, "datetime": {"datetime": "2023-09-12 03:13:16", "elapsed": 52246.371424, "delta": 2605.71133}}
{"target": 0.9733333388964335, "params": {"alpha": 2.092889893410222, "eps": 8.721084928972337, "lr": 0.5300989807839126, "pretrain_steps": 4.270912493602957, "warmup_steps": 8581.681508110229}, "datetime": {"datetime": "2023-09-12 03:56:15", "elapsed": 54824.869042, "delta": 2578.497618}}
{"target": 0.9799999992052714, "params": {"alpha": 1.8201092568771933, "eps": 30.80169506086021, "lr": 0.3724383673709918, "pretrain_steps": 7.886341881366401, "warmup_steps": 5194.597841483342}, "datetime": {"datetime": "2023-09-12 04:39:22", "elapsed": 57412.272138, "delta": 2587.403096}}
{"target": 0.9800000190734863, "params": {"alpha": 4.315582939716142, "eps": 42.043282004703514, "lr": 0.24845538915052648, "pretrain_steps": 2.4313277006936174, "warmup_steps": 7842.942114223862}, "datetime": {"datetime": "2023-09-12 05:22:20", "elapsed": 59990.37106, "delta": 2578.098922}}
{"target": 0.9622222185134888, "params": {"alpha": 2.0404913254057524, "eps": 45.647841902059795, "lr": 0.9703516017890524, "pretrain_steps": 6.3466138702356965, "warmup_steps": 2074.921407934295}, "datetime": {"datetime": "2023-09-12 06:05:28", "elapsed": 62577.757791, "delta": 2587.386731}}
{"target": 0.9866666793823242, "params": {"alpha": 1.6182618484875642, "eps": 19.911512879994877, "lr": 0.2965416096866611, "pretrain_steps": 4.716351243791897, "warmup_steps": 4489.268491660316}, "datetime": {"datetime": "2023-09-12 06:48:25", "elapsed": 65155.289315, "delta": 2577.531524}}
